The target system is: Android - 1 - i686
The host system is: Linux - 5.11.12-300.fc34.x86_64 - x86_64
Determining if the C compiler works passed with the following output:
Change Dir: /home/isaacakakpo/AndroidStudioProjects/SavitAuthenticator/app/.cxx/Debug/285p6f6q/x86/CMakeFiles/CMakeTmp

Run Build Command:"/home/isaacakakpo/Android/Sdk/cmake/3.10.2.4988404/bin/ninja" "cmTC_e0f7c"
[1/2] Building C object CMakeFiles/cmTC_e0f7c.dir/testCCompiler.c.o
[2/2] Linking C executable cmTC_e0f7c


Detecting C compiler ABI info compiled with the following output:
Change Dir: /home/isaacakakpo/AndroidStudioProjects/SavitAuthenticator/app/.cxx/Debug/285p6f6q/x86/CMakeFiles/CMakeTmp

Run Build Command:"/home/isaacakakpo/Android/Sdk/cmake/3.10.2.4988404/bin/ninja" "cmTC_18ba0"
[1/2] Building C object CMakeFiles/cmTC_18ba0.dir/CMakeCCompilerABI.c.o
[2/2] Linking C executable cmTC_18ba0
Android (7284624, based on r416183b) clang version 12.0.5 (https://android.googlesource.com/toolchain/llvm-project c935d99d7cf2016289302412d708641d52d2f7ee)
Target: i686-none-linux-android23
Thread model: posix
InstalledDir: /home/isaacakakpo/Android/Sdk/ndk/23.0.7530507/toolchains/llvm/prebuilt/linux-x86_64/bin
 "/home/isaacakakpo/Android/Sdk/ndk/23.0.7530507/toolchains/llvm/prebuilt/linux-x86_64/bin/ld" --sysroot=/home/isaacakakpo/Android/Sdk/ndk/23.0.7530507/toolchains/llvm/prebuilt/linux-x86_64/sysroot -pie -z noexecstack --warn-shared-textrel -z now -z relro --hash-style=gnu --enable-new-dtags --eh-frame-hdr -m elf_i386 -dynamic-linker /system/bin/linker -o cmTC_18ba0 /home/isaacakakpo/Android/Sdk/ndk/23.0.7530507/toolchains/llvm/prebuilt/linux-x86_64/sysroot/usr/lib/i686-linux-android/23/crtbegin_dynamic.o -L/home/isaacakakpo/Android/Sdk/ndk/23.0.7530507/toolchains/llvm/prebuilt/linux-x86_64/lib64/clang/12.0.5/lib/linux/i386 -L/home/isaacakakpo/Android/Sdk/ndk/23.0.7530507/toolchains/llvm/prebuilt/linux-x86_64/sysroot/usr/lib/i686-linux-android/23 -L/home/isaacakakpo/Android/Sdk/ndk/23.0.7530507/toolchains/llvm/prebuilt/linux-x86_64/sysroot/usr/lib/i686-linux-android -L/home/isaacakakpo/Android/Sdk/ndk/23.0.7530507/toolchains/llvm/prebuilt/linux-x86_64/sysroot/usr/lib --build-id=sha1 --no-rosegment --fatal-warnings --no-undefined --gc-sections CMakeFiles/cmTC_18ba0.dir/CMakeCCompilerABI.c.o /home/isaacakakpo/Android/Sdk/ndk/23.0.7530507/toolchains/llvm/prebuilt/linux-x86_64/lib64/clang/12.0.5/lib/linux/libclang_rt.builtins-i686-android.a -l:libunwind.a -ldl -lc /home/isaacakakpo/Android/Sdk/ndk/23.0.7530507/toolchains/llvm/prebuilt/linux-x86_64/lib64/clang/12.0.5/lib/linux/libclang_rt.builtins-i686-android.a -l:libunwind.a -ldl /home/isaacakakpo/Android/Sdk/ndk/23.0.7530507/toolchains/llvm/prebuilt/linux-x86_64/sysroot/usr/lib/i686-linux-android/23/crtend_android.o


Parsed C implicit link information from above output:
  link line regex: [^( *|.*[/\])(CMAKE_LINKER-NOTFOUND|CMAKE_LINK_STARTFILE-NOTFOUND|([^/\]+-)?ld|collect2)[^/\]*( |$)]
  ignore line: [Change Dir: /home/isaacakakpo/AndroidStudioProjects/SavitAuthenticator/app/.cxx/Debug/285p6f6q/x86/CMakeFiles/CMakeTmp]
  ignore line: []
  ignore line: [Run Build Command:"/home/isaacakakpo/Android/Sdk/cmake/3.10.2.4988404/bin/ninja" "cmTC_18ba0"]
  ignore line: [[1/2] Building C object CMakeFiles/cmTC_18ba0.dir/CMakeCCompilerABI.c.o]
  ignore line: [[2/2] Linking C executable cmTC_18ba0]
  ignore line: [Android (7284624, based on r416183b) clang version 12.0.5 (https://android.googlesource.com/toolchain/llvm-project c935d99d7cf2016289302412d708641d52d2f7ee)]
  ignore line: [Target: i686-none-linux-android23]
  ignore line: [Thread model: posix]
  ignore line: [InstalledDir: /home/isaacakakpo/Android/Sdk/ndk/23.0.7530507/toolchains/llvm/prebuilt/linux-x86_64/bin]
  link line: [ "/home/isaacakakpo/Android/Sdk/ndk/23.0.7530507/toolchains/llvm/prebuilt/linux-x86_64/bin/ld" --sysroot=/home/isaacakakpo/Android/Sdk/ndk/23.0.7530507/toolchains/llvm/prebuilt/linux-x86_64/sysroot -pie -z noexecstack --warn-shared-textrel -z now -z relro --hash-style=gnu --enable-new-dtags --eh-frame-hdr -m elf_i386 -dynamic-linker /system/bin/linker -o cmTC_18ba0 /home/isaacakakpo/Android/Sdk/ndk/23.0.7530507/toolchains/llvm/prebuilt/linux-x86_64/sysroot/usr/lib/i686-linux-android/23/crtbegin_dynamic.o -L/home/isaacakakpo/Android/Sdk/ndk/23.0.7530507/toolchains/llvm/prebuilt/linux-x86_64/lib64/clang/12.0.5/lib/linux/i386 -L/home/isaacakakpo/Android/Sdk/ndk/23.0.7530507/toolchains/llvm/prebuilt/linux-x86_64/sysroot/usr/lib/i686-linux-android/23 -L/home/isaacakakpo/Android/Sdk/ndk/23.0.7530507/toolchains/llvm/prebuilt/linux-x86_64/sysroot/usr/lib/i686-linux-android -L/home/isaacakakpo/Android/Sdk/ndk/23.0.7530507/toolchains/llvm/prebuilt/linux-x86_64/sysroot/usr/lib --build-id=sha1 --no-rosegment --fatal-warnings --no-undefined --gc-sections CMakeFiles/cmTC_18ba0.dir/CMakeCCompilerABI.c.o /home/isaacakakpo/Android/Sdk/ndk/23.0.7530507/toolchains/llvm/prebuilt/linux-x86_64/lib64/clang/12.0.5/lib/linux/libclang_rt.builtins-i686-android.a -l:libunwind.a -ldl -lc /home/isaacakakpo/Android/Sdk/ndk/23.0.7530507/toolchains/llvm/prebuilt/linux-x86_64/lib64/clang/12.0.5/lib/linux/libclang_rt.builtins-i686-android.a -l:libunwind.a -ldl /home/isaacakakpo/Android/Sdk/ndk/23.0.7530507/toolchains/llvm/prebuilt/linux-x86_64/sysroot/usr/lib/i686-linux-android/23/crtend_android.o]
    arg [/home/isaacakakpo/Android/Sdk/ndk/23.0.7530507/toolchains/llvm/prebuilt/linux-x86_64/bin/ld] ==> ignore
    arg [--sysroot=/home/isaacakakpo/Android/Sdk/ndk/23.0.7530507/toolchains/llvm/prebuilt/linux-x86_64/sysroot] ==> ignore
    arg [-pie] ==> ignore
    arg [-znoexecstack] ==> ignore
    arg [--warn-shared-textrel] ==> ignore
    arg [-znow] ==> ignore
    arg [-zrelro] ==> ignore
    arg [--hash-style=gnu] ==> ignore
    arg [--enable-new-dtags] ==> ignore
    arg [--eh-frame-hdr] ==> ignore
    arg [-m] ==> ignore
    arg [elf_i386] ==> ignore
    arg [-dynamic-linker] ==> ignore
    arg [/system/bin/linker] ==> ignore
    arg [-o] ==> ignore
    arg [cmTC_18ba0] ==> ignore
    arg [/home/isaacakakpo/Android/Sdk/ndk/23.0.7530507/toolchains/llvm/prebuilt/linux-x86_64/sysroot/usr/lib/i686-linux-android/23/crtbegin_dynamic.o] ==> ignore
    arg [-L/home/isaacakakpo/Android/Sdk/ndk/23.0.7530507/toolchains/llvm/prebuilt/linux-x86_64/lib64/clang/12.0.5/lib/linux/i386] ==> dir [/home/isaacakakpo/Android/Sdk/ndk/23.0.7530507/toolchains/llvm/prebuilt/linux-x86_64/lib64/clang/12.0.5/lib/linux/i386]
    arg [-L/home/isaacakakpo/Android/Sdk/ndk/23.0.7530507/toolchains/llvm/prebuilt/linux-x86_64/sysroot/usr/lib/i686-linux-android/23] ==> dir [/home/isaacakakpo/Android/Sdk/ndk/23.0.7530507/toolchains/llvm/prebuilt/linux-x86_64/sysroot/usr/lib/i686-linux-android/23]
    arg [-L/home/isaacakakpo/Android/Sdk/ndk/23.0.7530507/toolchains/llvm/prebuilt/linux-x86_64/sysroot/usr/lib/i686-linux-android] ==> dir [/home/isaacakakpo/Android/Sdk/ndk/23.0.7530507/toolchains/llvm/prebuilt/linux-x86_64/sysroot/usr/lib/i686-linux-android]
    arg [-L/home/isaacakakpo/Android/Sdk/ndk/23.0.7530507/toolchains/llvm/prebuilt/linux-x86_64/sysroot/usr/lib] ==> dir [/home/isaacakakpo/Android/Sdk/ndk/23.0.7530507/toolchains/llvm/prebuilt/linux-x86_64/sysroot/usr/lib]
    arg [--build-id=sha1] ==> ignore
    arg [--no-rosegment] ==> ignore
    arg [--fatal-warnings] ==> ignore
    arg [--no-undefined] ==> ignore
    arg [--gc-sections] ==> ignore
    arg [CMakeFiles/cmTC_18ba0.dir/CMakeCCompilerABI.c.o] ==> ignore
    arg [/home/isaacakakpo/Android/Sdk/ndk/23.0.7530507/toolchains/llvm/prebuilt/linux-x86_64/lib64/clang/12.0.5/lib/linux/libclang_rt.builtins-i686-android.a] ==> lib [/home/isaacakakpo/Android/Sdk/ndk/23.0.7530507/toolchains/llvm/prebuilt/linux-x86_64/lib64/clang/12.0.5/lib/linux/libclang_rt.builtins-i686-android.a]
    arg [-l:libunwind.a] ==> lib [-l:libunwind.a]
    arg [-ldl] ==> lib [dl]
    arg [-lc] ==> lib [c]
    arg [/home/isaacakakpo/Android/Sdk/ndk/23.0.7530507/toolchains/llvm/prebuilt/linux-x86_64/lib64/clang/12.0.5/lib/linux/libclang_rt.builtins-i686-android.a] ==> lib [/home/isaacakakpo/Android/Sdk/ndk/23.0.7530507/toolchains/llvm/prebuilt/linux-x86_64/lib64/clang/12.0.5/lib/linux/libclang_rt.builtins-i686-android.a]
    arg [-l:libunwind.a] ==> lib [-l:libunwind.a]
    arg [-ldl] ==> lib [dl]
    arg [/home/isaacakakpo/Android/Sdk/ndk/23.0.7530507/toolchains/llvm/prebuilt/linux-x86_64/sysroot/usr/lib/i686-linux-android/23/crtend_android.o] ==> ignore
  remove lib [/home/isaacakakpo/Android/Sdk/ndk/23.0.7530507/toolchains/llvm/prebuilt/linux-x86_64/lib64/clang/12.0.5/lib/linux/libclang_rt.builtins-i686-android.a]
  remove lib [/home/isaacakakpo/Android/Sdk/ndk/23.0.7530507/toolchains/llvm/prebuilt/linux-x86_64/lib64/clang/12.0.5/lib/linux/libclang_rt.builtins-i686-android.a]
  collapse library dir [/home/isaacakakpo/Android/Sdk/ndk/23.0.7530507/toolchains/llvm/prebuilt/linux-x86_64/lib64/clang/12.0.5/lib/linux/i386] ==> [/home/isaacakakpo/Android/Sdk/ndk/23.0.7530507/toolchains/llvm/prebuilt/linux-x86_64/lib64/clang/12.0.5/lib/linux/i386]
  collapse library dir [/home/isaacakakpo/Android/Sdk/ndk/23.0.7530507/toolchains/llvm/prebuilt/linux-x86_64/sysroot/usr/lib/i686-linux-android/23] ==> [/home/isaacakakpo/Android/Sdk/ndk/23.0.7530507/toolchains/llvm/prebuilt/linux-x86_64/sysroot/usr/lib/i686-linux-android/23]
  collapse library dir [/home/isaacakakpo/Android/Sdk/ndk/23.0.7530507/toolchains/llvm/prebuilt/linux-x86_64/sysroot/usr/lib/i686-linux-android] ==> [/home/isaacakakpo/Android/Sdk/ndk/23.0.7530507/toolchains/llvm/prebuilt/linux-x86_64/sysroot/usr/lib/i686-linux-android]
  collapse library dir [/home/isaacakakpo/Android/Sdk/ndk/23.0.7530507/toolchains/llvm/prebuilt/linux-x86_64/sysroot/usr/lib] ==> [/home/isaacakakpo/Android/Sdk/ndk/23.0.7530507/toolchains/llvm/prebuilt/linux-x86_64/sysroot/usr/lib]
  implicit libs: [-l:libunwind.a;dl;c;-l:libunwind.a;dl]
  implicit dirs: [/home/isaacakakpo/Android/Sdk/ndk/23.0.7530507/toolchains/llvm/prebuilt/linux-x86_64/lib64/clang/12.0.5/lib/linux/i386;/home/isaacakakpo/Android/Sdk/ndk/23.0.7530507/toolchains/llvm/prebuilt/linux-x86_64/sysroot/usr/lib/i686-linux-android/23;/home/isaacakakpo/Android/Sdk/ndk/23.0.7530507/toolchains/llvm/prebuilt/linux-x86_64/sysroot/usr/lib/i686-linux-android;/home/isaacakakpo/Android/Sdk/ndk/23.0.7530507/toolchains/llvm/prebuilt/linux-x86_64/sysroot/usr/lib]
  implicit fwks: []




Detecting C [-std=c11] compiler features compiled with the following output:
Change Dir: /home/isaacakakpo/AndroidStudioProjects/SavitAuthenticator/app/.cxx/Debug/285p6f6q/x86/CMakeFiles/CMakeTmp

Run Build Command:"/home/isaacakakpo/Android/Sdk/cmake/3.10.2.4988404/bin/ninja" "cmTC_fd1f6"
[1/2] Building C object CMakeFiles/cmTC_fd1f6.dir/feature_tests.c.o
[2/2] Linking C executable cmTC_fd1f6


    Feature record: C_FEATURE:1c_function_prototypes
    Feature record: C_FEATURE:1c_restrict
    Feature record: C_FEATURE:1c_static_assert
    Feature record: C_FEATURE:1c_variadic_macros


Detecting C [-std=c99] compiler features compiled with the following output:
Change Dir: /home/isaacakakpo/AndroidStudioProjects/SavitAuthenticator/app/.cxx/Debug/285p6f6q/x86/CMakeFiles/CMakeTmp

Run Build Command:"/home/isaacakakpo/Android/Sdk/cmake/3.10.2.4988404/bin/ninja" "cmTC_0edae"
[1/2] Building C object CMakeFiles/cmTC_0edae.dir/feature_tests.c.o
[2/2] Linking C executable cmTC_0edae


    Feature record: C_FEATURE:1c_function_prototypes
    Feature record: C_FEATURE:1c_restrict
    Feature record: C_FEATURE:0c_static_assert
    Feature record: C_FEATURE:1c_variadic_macros


Detecting C [-std=c90] compiler features compiled with the following output:
Change Dir: /home/isaacakakpo/AndroidStudioProjects/SavitAuthenticator/app/.cxx/Debug/285p6f6q/x86/CMakeFiles/CMakeTmp

Run Build Command:"/home/isaacakakpo/Android/Sdk/cmake/3.10.2.4988404/bin/ninja" "cmTC_e5dd0"
[1/2] Building C object CMakeFiles/cmTC_e5dd0.dir/feature_tests.c.o
[2/2] Linking C executable cmTC_e5dd0


    Feature record: C_FEATURE:1c_function_prototypes
    Feature record: C_FEATURE:0c_restrict
    Feature record: C_FEATURE:0c_static_assert
    Feature record: C_FEATURE:0c_variadic_macros
Determining if the CXX compiler works passed with the following output:
Change Dir: /home/isaacakakpo/AndroidStudioProjects/SavitAuthenticator/app/.cxx/Debug/285p6f6q/x86/CMakeFiles/CMakeTmp

Run Build Command:"/home/isaacakakpo/Android/Sdk/cmake/3.10.2.4988404/bin/ninja" "cmTC_323df"
[1/2] Building CXX object CMakeFiles/cmTC_323df.dir/testCXXCompiler.cxx.o
[2/2] Linking CXX executable cmTC_323df


Detecting CXX compiler ABI info compiled with the following output:
Change Dir: /home/isaacakakpo/AndroidStudioProjects/SavitAuthenticator/app/.cxx/Debug/285p6f6q/x86/CMakeFiles/CMakeTmp

Run Build Command:"/home/isaacakakpo/Android/Sdk/cmake/3.10.2.4988404/bin/ninja" "cmTC_3a2d6"
[1/2] Building CXX object CMakeFiles/cmTC_3a2d6.dir/CMakeCXXCompilerABI.cpp.o
[2/2] Linking CXX executable cmTC_3a2d6
Android (7284624, based on r416183b) clang version 12.0.5 (https://android.googlesource.com/toolchain/llvm-project c935d99d7cf2016289302412d708641d52d2f7ee)
Target: i686-none-linux-android23
Thread model: posix
InstalledDir: /home/isaacakakpo/Android/Sdk/ndk/23.0.7530507/toolchains/llvm/prebuilt/linux-x86_64/bin
 "/home/isaacakakpo/Android/Sdk/ndk/23.0.7530507/toolchains/llvm/prebuilt/linux-x86_64/bin/ld" --sysroot=/home/isaacakakpo/Android/Sdk/ndk/23.0.7530507/toolchains/llvm/prebuilt/linux-x86_64/sysroot -pie -z noexecstack --warn-shared-textrel -z now -z relro --hash-style=gnu --enable-new-dtags --eh-frame-hdr -m elf_i386 -dynamic-linker /system/bin/linker -o cmTC_3a2d6 /home/isaacakakpo/Android/Sdk/ndk/23.0.7530507/toolchains/llvm/prebuilt/linux-x86_64/sysroot/usr/lib/i686-linux-android/23/crtbegin_dynamic.o -L/home/isaacakakpo/Android/Sdk/ndk/23.0.7530507/toolchains/llvm/prebuilt/linux-x86_64/lib64/clang/12.0.5/lib/linux/i386 -L/home/isaacakakpo/Android/Sdk/ndk/23.0.7530507/toolchains/llvm/prebuilt/linux-x86_64/sysroot/usr/lib/i686-linux-android/23 -L/home/isaacakakpo/Android/Sdk/ndk/23.0.7530507/toolchains/llvm/prebuilt/linux-x86_64/sysroot/usr/lib/i686-linux-android -L/home/isaacakakpo/Android/Sdk/ndk/23.0.7530507/toolchains/llvm/prebuilt/linux-x86_64/sysroot/usr/lib --build-id=sha1 --no-rosegment --fatal-warnings --no-undefined --gc-sections CMakeFiles/cmTC_3a2d6.dir/CMakeCXXCompilerABI.cpp.o -Bstatic -lc++ -Bdynamic -lm /home/isaacakakpo/Android/Sdk/ndk/23.0.7530507/toolchains/llvm/prebuilt/linux-x86_64/lib64/clang/12.0.5/lib/linux/libclang_rt.builtins-i686-android.a -l:libunwind.a -ldl -lc /home/isaacakakpo/Android/Sdk/ndk/23.0.7530507/toolchains/llvm/prebuilt/linux-x86_64/lib64/clang/12.0.5/lib/linux/libclang_rt.builtins-i686-android.a -l:libunwind.a -ldl /home/isaacakakpo/Android/Sdk/ndk/23.0.7530507/toolchains/llvm/prebuilt/linux-x86_64/sysroot/usr/lib/i686-linux-android/23/crtend_android.o


Parsed CXX implicit link information from above output:
  link line regex: [^( *|.*[/\])(CMAKE_LINKER-NOTFOUND|CMAKE_LINK_STARTFILE-NOTFOUND|([^/\]+-)?ld|collect2)[^/\]*( |$)]
  ignore line: [Change Dir: /home/isaacakakpo/AndroidStudioProjects/SavitAuthenticator/app/.cxx/Debug/285p6f6q/x86/CMakeFiles/CMakeTmp]
  ignore line: []
  ignore line: [Run Build Command:"/home/isaacakakpo/Android/Sdk/cmake/3.10.2.4988404/bin/ninja" "cmTC_3a2d6"]
  ignore line: [[1/2] Building CXX object CMakeFiles/cmTC_3a2d6.dir/CMakeCXXCompilerABI.cpp.o]
  ignore line: [[2/2] Linking CXX executable cmTC_3a2d6]
  ignore line: [Android (7284624, based on r416183b) clang version 12.0.5 (https://android.googlesource.com/toolchain/llvm-project c935d99d7cf2016289302412d708641d52d2f7ee)]
  ignore line: [Target: i686-none-linux-android23]
  ignore line: [Thread model: posix]
  ignore line: [InstalledDir: /home/isaacakakpo/Android/Sdk/ndk/23.0.7530507/toolchains/llvm/prebuilt/linux-x86_64/bin]
  link line: [ "/home/isaacakakpo/Android/Sdk/ndk/23.0.7530507/toolchains/llvm/prebuilt/linux-x86_64/bin/ld" --sysroot=/home/isaacakakpo/Android/Sdk/ndk/23.0.7530507/toolchains/llvm/prebuilt/linux-x86_64/sysroot -pie -z noexecstack --warn-shared-textrel -z now -z relro --hash-style=gnu --enable-new-dtags --eh-frame-hdr -m elf_i386 -dynamic-linker /system/bin/linker -o cmTC_3a2d6 /home/isaacakakpo/Android/Sdk/ndk/23.0.7530507/toolchains/llvm/prebuilt/linux-x86_64/sysroot/usr/lib/i686-linux-android/23/crtbegin_dynamic.o -L/home/isaacakakpo/Android/Sdk/ndk/23.0.7530507/toolchains/llvm/prebuilt/linux-x86_64/lib64/clang/12.0.5/lib/linux/i386 -L/home/isaacakakpo/Android/Sdk/ndk/23.0.7530507/toolchains/llvm/prebuilt/linux-x86_64/sysroot/usr/lib/i686-linux-android/23 -L/home/isaacakakpo/Android/Sdk/ndk/23.0.7530507/toolchains/llvm/prebuilt/linux-x86_64/sysroot/usr/lib/i686-linux-android -L/home/isaacakakpo/Android/Sdk/ndk/23.0.7530507/toolchains/llvm/prebuilt/linux-x86_64/sysroot/usr/lib --build-id=sha1 --no-rosegment --fatal-warnings --no-undefined --gc-sections CMakeFiles/cmTC_3a2d6.dir/CMakeCXXCompilerABI.cpp.o -Bstatic -lc++ -Bdynamic -lm /home/isaacakakpo/Android/Sdk/ndk/23.0.7530507/toolchains/llvm/prebuilt/linux-x86_64/lib64/clang/12.0.5/lib/linux/libclang_rt.builtins-i686-android.a -l:libunwind.a -ldl -lc /home/isaacakakpo/Android/Sdk/ndk/23.0.7530507/toolchains/llvm/prebuilt/linux-x86_64/lib64/clang/12.0.5/lib/linux/libclang_rt.builtins-i686-android.a -l:libunwind.a -ldl /home/isaacakakpo/Android/Sdk/ndk/23.0.7530507/toolchains/llvm/prebuilt/linux-x86_64/sysroot/usr/lib/i686-linux-android/23/crtend_android.o]
    arg [/home/isaacakakpo/Android/Sdk/ndk/23.0.7530507/toolchains/llvm/prebuilt/linux-x86_64/bin/ld] ==> ignore
    arg [--sysroot=/home/isaacakakpo/Android/Sdk/ndk/23.0.7530507/toolchains/llvm/prebuilt/linux-x86_64/sysroot] ==> ignore
    arg [-pie] ==> ignore
    arg [-znoexecstack] ==> ignore
    arg [--warn-shared-textrel] ==> ignore
    arg [-znow] ==> ignore
    arg [-zrelro] ==> ignore
    arg [--hash-style=gnu] ==> ignore
    arg [--enable-new-dtags] ==> ignore
    arg [--eh-frame-hdr] ==> ignore
    arg [-m] ==> ignore
    arg [elf_i386] ==> ignore
    arg [-dynamic-linker] ==> ignore
    arg [/system/bin/linker] ==> ignore
    arg [-o] ==> ignore
    arg [cmTC_3a2d6] ==> ignore
    arg [/home/isaacakakpo/Android/Sdk/ndk/23.0.7530507/toolchains/llvm/prebuilt/linux-x86_64/sysroot/usr/lib/i686-linux-android/23/crtbegin_dynamic.o] ==> ignore
    arg [-L/home/isaacakakpo/Android/Sdk/ndk/23.0.7530507/toolchains/llvm/prebuilt/linux-x86_64/lib64/clang/12.0.5/lib/linux/i386] ==> dir [/home/isaacakakpo/Android/Sdk/ndk/23.0.7530507/toolchains/llvm/prebuilt/linux-x86_64/lib64/clang/12.0.5/lib/linux/i386]
    arg [-L/home/isaacakakpo/Android/Sdk/ndk/23.0.7530507/toolchains/llvm/prebuilt/linux-x86_64/sysroot/usr/lib/i686-linux-android/23] ==> dir [/home/isaacakakpo/Android/Sdk/ndk/23.0.7530507/toolchains/llvm/prebuilt/linux-x86_64/sysroot/usr/lib/i686-linux-android/23]
    arg [-L/home/isaacakakpo/Android/Sdk/ndk/23.0.7530507/toolchains/llvm/prebuilt/linux-x86_64/sysroot/usr/lib/i686-linux-android] ==> dir [/home/isaacakakpo/Android/Sdk/ndk/23.0.7530507/toolchains/llvm/prebuilt/linux-x86_64/sysroot/usr/lib/i686-linux-android]
    arg [-L/home/isaacakakpo/Android/Sdk/ndk/23.0.7530507/toolchains/llvm/prebuilt/linux-x86_64/sysroot/usr/lib] ==> dir [/home/isaacakakpo/Android/Sdk/ndk/23.0.7530507/toolchains/llvm/prebuilt/linux-x86_64/sysroot/usr/lib]
    arg [--build-id=sha1] ==> ignore
    arg [--no-rosegment] ==> ignore
    arg [--fatal-warnings] ==> ignore
    arg [--no-undefined] ==> ignore
    arg [--gc-sections] ==> ignore
    arg [CMakeFiles/cmTC_3a2d6.dir/CMakeCXXCompilerABI.cpp.o] ==> ignore
    arg [-Bstatic] ==> ignore
    arg [-lc++] ==> lib [c++]
    arg [-Bdynamic] ==> ignore
    arg [-lm] ==> lib [m]
    arg [/home/isaacakakpo/Android/Sdk/ndk/23.0.7530507/toolchains/llvm/prebuilt/linux-x86_64/lib64/clang/12.0.5/lib/linux/libclang_rt.builtins-i686-android.a] ==> lib [/home/isaacakakpo/Android/Sdk/ndk/23.0.7530507/toolchains/llvm/prebuilt/linux-x86_64/lib64/clang/12.0.5/lib/linux/libclang_rt.builtins-i686-android.a]
    arg [-l:libunwind.a] ==> lib [-l:libunwind.a]
    arg [-ldl] ==> lib [dl]
    arg [-lc] ==> lib [c]
    arg [/home/isaacakakpo/Android/Sdk/ndk/23.0.7530507/toolchains/llvm/prebuilt/linux-x86_64/lib64/clang/12.0.5/lib/linux/libclang_rt.builtins-i686-android.a] ==> lib [/home/isaacakakpo/Android/Sdk/ndk/23.0.7530507/toolchains/llvm/prebuilt/linux-x86_64/lib64/clang/12.0.5/lib/linux/libclang_rt.builtins-i686-android.a]
    arg [-l:libunwind.a] ==> lib [-l:libunwind.a]
    arg [-ldl] ==> lib [dl]
    arg [/home/isaacakakpo/Android/Sdk/ndk/23.0.7530507/toolchains/llvm/prebuilt/linux-x86_64/sysroot/usr/lib/i686-linux-android/23/crtend_android.o] ==> ignore
  remove lib [/home/isaacakakpo/Android/Sdk/ndk/23.0.7530507/toolchains/llvm/prebuilt/linux-x86_64/lib64/clang/12.0.5/lib/linux/libclang_rt.builtins-i686-android.a]
  remove lib [/home/isaacakakpo/Android/Sdk/ndk/23.0.7530507/toolchains/llvm/prebuilt/linux-x86_64/lib64/clang/12.0.5/lib/linux/libclang_rt.builtins-i686-android.a]
  collapse library dir [/home/isaacakakpo/Android/Sdk/ndk/23.0.7530507/toolchains/llvm/prebuilt/linux-x86_64/lib64/clang/12.0.5/lib/linux/i386] ==> [/home/isaacakakpo/Android/Sdk/ndk/23.0.7530507/toolchains/llvm/prebuilt/linux-x86_64/lib64/clang/12.0.5/lib/linux/i386]
  collapse library dir [/home/isaacakakpo/Android/Sdk/ndk/23.0.7530507/toolchains/llvm/prebuilt/linux-x86_64/sysroot/usr/lib/i686-linux-android/23] ==> [/home/isaacakakpo/Android/Sdk/ndk/23.0.7530507/toolchains/llvm/prebuilt/linux-x86_64/sysroot/usr/lib/i686-linux-android/23]
  collapse library dir [/home/isaacakakpo/Android/Sdk/ndk/23.0.7530507/toolchains/llvm/prebuilt/linux-x86_64/sysroot/usr/lib/i686-linux-android] ==> [/home/isaacakakpo/Android/Sdk/ndk/23.0.7530507/toolchains/llvm/prebuilt/linux-x86_64/sysroot/usr/lib/i686-linux-android]
  collapse library dir [/home/isaacakakpo/Android/Sdk/ndk/23.0.7530507/toolchains/llvm/prebuilt/linux-x86_64/sysroot/usr/lib] ==> [/home/isaacakakpo/Android/Sdk/ndk/23.0.7530507/toolchains/llvm/prebuilt/linux-x86_64/sysroot/usr/lib]
  implicit libs: [c++;m;-l:libunwind.a;dl;c;-l:libunwind.a;dl]
  implicit dirs: [/home/isaacakakpo/Android/Sdk/ndk/23.0.7530507/toolchains/llvm/prebuilt/linux-x86_64/lib64/clang/12.0.5/lib/linux/i386;/home/isaacakakpo/Android/Sdk/ndk/23.0.7530507/toolchains/llvm/prebuilt/linux-x86_64/sysroot/usr/lib/i686-linux-android/23;/home/isaacakakpo/Android/Sdk/ndk/23.0.7530507/toolchains/llvm/prebuilt/linux-x86_64/sysroot/usr/lib/i686-linux-android;/home/isaacakakpo/Android/Sdk/ndk/23.0.7530507/toolchains/llvm/prebuilt/linux-x86_64/sysroot/usr/lib]
  implicit fwks: []




Detecting CXX [-std=c++1z] compiler features compiled with the following output:
Change Dir: /home/isaacakakpo/AndroidStudioProjects/SavitAuthenticator/app/.cxx/Debug/285p6f6q/x86/CMakeFiles/CMakeTmp

Run Build Command:"/home/isaacakakpo/Android/Sdk/cmake/3.10.2.4988404/bin/ninja" "cmTC_d8e1d"
[1/2] Building CXX object CMakeFiles/cmTC_d8e1d.dir/feature_tests.cxx.o
[2/2] Linking CXX executable cmTC_d8e1d


    Feature record: CXX_FEATURE:1cxx_aggregate_default_initializers
    Feature record: CXX_FEATURE:1cxx_alias_templates
    Feature record: CXX_FEATURE:1cxx_alignas
    Feature record: CXX_FEATURE:1cxx_alignof
    Feature record: CXX_FEATURE:1cxx_attributes
    Feature record: CXX_FEATURE:1cxx_attribute_deprecated
    Feature record: CXX_FEATURE:1cxx_auto_type
    Feature record: CXX_FEATURE:1cxx_binary_literals
    Feature record: CXX_FEATURE:1cxx_constexpr
    Feature record: CXX_FEATURE:1cxx_contextual_conversions
    Feature record: CXX_FEATURE:1cxx_decltype
    Feature record: CXX_FEATURE:1cxx_decltype_auto
    Feature record: CXX_FEATURE:1cxx_decltype_incomplete_return_types
    Feature record: CXX_FEATURE:1cxx_default_function_template_args
    Feature record: CXX_FEATURE:1cxx_defaulted_functions
    Feature record: CXX_FEATURE:1cxx_defaulted_move_initializers
    Feature record: CXX_FEATURE:1cxx_delegating_constructors
    Feature record: CXX_FEATURE:1cxx_deleted_functions
    Feature record: CXX_FEATURE:1cxx_digit_separators
    Feature record: CXX_FEATURE:1cxx_enum_forward_declarations
    Feature record: CXX_FEATURE:1cxx_explicit_conversions
    Feature record: CXX_FEATURE:1cxx_extended_friend_declarations
    Feature record: CXX_FEATURE:1cxx_extern_templates
    Feature record: CXX_FEATURE:1cxx_final
    Feature record: CXX_FEATURE:1cxx_func_identifier
    Feature record: CXX_FEATURE:1cxx_generalized_initializers
    Feature record: CXX_FEATURE:1cxx_generic_lambdas
    Feature record: CXX_FEATURE:1cxx_inheriting_constructors
    Feature record: CXX_FEATURE:1cxx_inline_namespaces
    Feature record: CXX_FEATURE:1cxx_lambdas
    Feature record: CXX_FEATURE:1cxx_lambda_init_captures
    Feature record: CXX_FEATURE:1cxx_local_type_template_args
    Feature record: CXX_FEATURE:1cxx_long_long_type
    Feature record: CXX_FEATURE:1cxx_noexcept
    Feature record: CXX_FEATURE:1cxx_nonstatic_member_init
    Feature record: CXX_FEATURE:1cxx_nullptr
    Feature record: CXX_FEATURE:1cxx_override
    Feature record: CXX_FEATURE:1cxx_range_for
    Feature record: CXX_FEATURE:1cxx_raw_string_literals
    Feature record: CXX_FEATURE:1cxx_reference_qualified_functions
    Feature record: CXX_FEATURE:1cxx_relaxed_constexpr
    Feature record: CXX_FEATURE:1cxx_return_type_deduction
    Feature record: CXX_FEATURE:1cxx_right_angle_brackets
    Feature record: CXX_FEATURE:1cxx_rvalue_references
    Feature record: CXX_FEATURE:1cxx_sizeof_member
    Feature record: CXX_FEATURE:1cxx_static_assert
    Feature record: CXX_FEATURE:1cxx_strong_enums
    Feature record: CXX_FEATURE:1cxx_template_template_parameters
    Feature record: CXX_FEATURE:1cxx_thread_local
    Feature record: CXX_FEATURE:1cxx_trailing_return_types
    Feature record: CXX_FEATURE:1cxx_unicode_literals
    Feature record: CXX_FEATURE:1cxx_uniform_initialization
    Feature record: CXX_FEATURE:1cxx_unrestricted_unions
    Feature record: CXX_FEATURE:1cxx_user_literals
    Feature record: CXX_FEATURE:1cxx_variable_templates
    Feature record: CXX_FEATURE:1cxx_variadic_macros
    Feature record: CXX_FEATURE:1cxx_variadic_templates


Detecting CXX [-std=c++14] compiler features compiled with the following output:
Change Dir: /home/isaacakakpo/AndroidStudioProjects/SavitAuthenticator/app/.cxx/Debug/285p6f6q/x86/CMakeFiles/CMakeTmp

Run Build Command:"/home/isaacakakpo/Android/Sdk/cmake/3.10.2.4988404/bin/ninja" "cmTC_82ac0"
[1/2] Building CXX object CMakeFiles/cmTC_82ac0.dir/feature_tests.cxx.o
[2/2] Linking CXX executable cmTC_82ac0


    Feature record: CXX_FEATURE:1cxx_aggregate_default_initializers
    Feature record: CXX_FEATURE:1cxx_alias_templates
    Feature record: CXX_FEATURE:1cxx_alignas
    Feature record: CXX_FEATURE:1cxx_alignof
    Feature record: CXX_FEATURE:1cxx_attributes
    Feature record: CXX_FEATURE:1cxx_attribute_deprecated
    Feature record: CXX_FEATURE:1cxx_auto_type
    Feature record: CXX_FEATURE:1cxx_binary_literals
    Feature record: CXX_FEATURE:1cxx_constexpr
    Feature record: CXX_FEATURE:1cxx_contextual_conversions
    Feature record: CXX_FEATURE:1cxx_decltype
    Feature record: CXX_FEATURE:1cxx_decltype_auto
    Feature record: CXX_FEATURE:1cxx_decltype_incomplete_return_types
    Feature record: CXX_FEATURE:1cxx_default_function_template_args
    Feature record: CXX_FEATURE:1cxx_defaulted_functions
    Feature record: CXX_FEATURE:1cxx_defaulted_move_initializers
    Feature record: CXX_FEATURE:1cxx_delegating_constructors
    Feature record: CXX_FEATURE:1cxx_deleted_functions
    Feature record: CXX_FEATURE:1cxx_digit_separators
    Feature record: CXX_FEATURE:1cxx_enum_forward_declarations
    Feature record: CXX_FEATURE:1cxx_explicit_conversions
    Feature record: CXX_FEATURE:1cxx_extended_friend_declarations
    Feature record: CXX_FEATURE:1cxx_extern_templates
    Feature record: CXX_FEATURE:1cxx_final
    Feature record: CXX_FEATURE:1cxx_func_identifier
    Feature record: CXX_FEATURE:1cxx_generalized_initializers
    Feature record: CXX_FEATURE:1cxx_generic_lambdas
    Feature record: CXX_FEATURE:1cxx_inheriting_constructors
    Feature record: CXX_FEATURE:1cxx_inline_namespaces
    Feature record: CXX_FEATURE:1cxx_lambdas
    Feature record: CXX_FEATURE:1cxx_lambda_init_captures
    Feature record: CXX_FEATURE:1cxx_local_type_template_args
    Feature record: CXX_FEATURE:1cxx_long_long_type
    Feature record: CXX_FEATURE:1cxx_noexcept
    Feature record: CXX_FEATURE:1cxx_nonstatic_member_init
    Feature record: CXX_FEATURE:1cxx_nullptr
    Feature record: CXX_FEATURE:1cxx_override
    Feature record: CXX_FEATURE:1cxx_range_for
    Feature record: CXX_FEATURE:1cxx_raw_string_literals
    Feature record: CXX_FEATURE:1cxx_reference_qualified_functions
    Feature record: CXX_FEATURE:1cxx_relaxed_constexpr
    Feature record: CXX_FEATURE:1cxx_return_type_deduction
    Feature record: CXX_FEATURE:1cxx_right_angle_brackets
    Feature record: CXX_FEATURE:1cxx_rvalue_references
    Feature record: CXX_FEATURE:1cxx_sizeof_member
    Feature record: CXX_FEATURE:1cxx_static_assert
    Feature record: CXX_FEATURE:1cxx_strong_enums
    Feature record: CXX_FEATURE:1cxx_template_template_parameters
    Feature record: CXX_FEATURE:1cxx_thread_local
    Feature record: CXX_FEATURE:1cxx_trailing_return_types
    Feature record: CXX_FEATURE:1cxx_unicode_literals
    Feature record: CXX_FEATURE:1cxx_uniform_initialization
    Feature record: CXX_FEATURE:1cxx_unrestricted_unions
    Feature record: CXX_FEATURE:1cxx_user_literals
    Feature record: CXX_FEATURE:1cxx_variable_templates
    Feature record: CXX_FEATURE:1cxx_variadic_macros
    Feature record: CXX_FEATURE:1cxx_variadic_templates


Detecting CXX [-std=c++11] compiler features compiled with the following output:
Change Dir: /home/isaacakakpo/AndroidStudioProjects/SavitAuthenticator/app/.cxx/Debug/285p6f6q/x86/CMakeFiles/CMakeTmp

Run Build Command:"/home/isaacakakpo/Android/Sdk/cmake/3.10.2.4988404/bin/ninja" "cmTC_5b173"
[1/2] Building CXX object CMakeFiles/cmTC_5b173.dir/feature_tests.cxx.o
[2/2] Linking CXX executable cmTC_5b173


    Feature record: CXX_FEATURE:0cxx_aggregate_default_initializers
    Feature record: CXX_FEATURE:1cxx_alias_templates
    Feature record: CXX_FEATURE:1cxx_alignas
    Feature record: CXX_FEATURE:1cxx_alignof
    Feature record: CXX_FEATURE:1cxx_attributes
    Feature record: CXX_FEATURE:0cxx_attribute_deprecated
    Feature record: CXX_FEATURE:1cxx_auto_type
    Feature record: CXX_FEATURE:0cxx_binary_literals
    Feature record: CXX_FEATURE:1cxx_constexpr
    Feature record: CXX_FEATURE:0cxx_contextual_conversions
    Feature record: CXX_FEATURE:1cxx_decltype
    Feature record: CXX_FEATURE:0cxx_decltype_auto
    Feature record: CXX_FEATURE:1cxx_decltype_incomplete_return_types
    Feature record: CXX_FEATURE:1cxx_default_function_template_args
    Feature record: CXX_FEATURE:1cxx_defaulted_functions
    Feature record: CXX_FEATURE:1cxx_defaulted_move_initializers
    Feature record: CXX_FEATURE:1cxx_delegating_constructors
    Feature record: CXX_FEATURE:1cxx_deleted_functions
    Feature record: CXX_FEATURE:0cxx_digit_separators
    Feature record: CXX_FEATURE:1cxx_enum_forward_declarations
    Feature record: CXX_FEATURE:1cxx_explicit_conversions
    Feature record: CXX_FEATURE:1cxx_extended_friend_declarations
    Feature record: CXX_FEATURE:1cxx_extern_templates
    Feature record: CXX_FEATURE:1cxx_final
    Feature record: CXX_FEATURE:1cxx_func_identifier
    Feature record: CXX_FEATURE:1cxx_generalized_initializers
    Feature record: CXX_FEATURE:0cxx_generic_lambdas
    Feature record: CXX_FEATURE:1cxx_inheriting_constructors
    Feature record: CXX_FEATURE:1cxx_inline_namespaces
    Feature record: CXX_FEATURE:1cxx_lambdas
    Feature record: CXX_FEATURE:0cxx_lambda_init_captures
    Feature record: CXX_FEATURE:1cxx_local_type_template_args
    Feature record: CXX_FEATURE:1cxx_long_long_type
    Feature record: CXX_FEATURE:1cxx_noexcept
    Feature record: CXX_FEATURE:1cxx_nonstatic_member_init
    Feature record: CXX_FEATURE:1cxx_nullptr
    Feature record: CXX_FEATURE:1cxx_override
    Feature record: CXX_FEATURE:1cxx_range_for
    Feature record: CXX_FEATURE:1cxx_raw_string_literals
    Feature record: CXX_FEATURE:1cxx_reference_qualified_functions
    Feature record: CXX_FEATURE:0cxx_relaxed_constexpr
    Feature record: CXX_FEATURE:0cxx_return_type_deduction
    Feature record: CXX_FEATURE:1cxx_right_angle_brackets
    Feature record: CXX_FEATURE:1cxx_rvalue_references
    Feature record: CXX_FEATURE:1cxx_sizeof_member
    Feature record: CXX_FEATURE:1cxx_static_assert
    Feature record: CXX_FEATURE:1cxx_strong_enums
    Feature record: CXX_FEATURE:1cxx_template_template_parameters
    Feature record: CXX_FEATURE:1cxx_thread_local
    Feature record: CXX_FEATURE:1cxx_trailing_return_types
    Feature record: CXX_FEATURE:1cxx_unicode_literals
    Feature record: CXX_FEATURE:1cxx_uniform_initialization
    Feature record: CXX_FEATURE:1cxx_unrestricted_unions
    Feature record: CXX_FEATURE:1cxx_user_literals
    Feature record: CXX_FEATURE:0cxx_variable_templates
    Feature record: CXX_FEATURE:1cxx_variadic_macros
    Feature record: CXX_FEATURE:1cxx_variadic_templates


Detecting CXX [-std=c++98] compiler features compiled with the following output:
Change Dir: /home/isaacakakpo/AndroidStudioProjects/SavitAuthenticator/app/.cxx/Debug/285p6f6q/x86/CMakeFiles/CMakeTmp

Run Build Command:"/home/isaacakakpo/Android/Sdk/cmake/3.10.2.4988404/bin/ninja" "cmTC_9eda7"
[1/2] Building CXX object CMakeFiles/cmTC_9eda7.dir/feature_tests.cxx.o
[2/2] Linking CXX executable cmTC_9eda7


    Feature record: CXX_FEATURE:0cxx_aggregate_default_initializers
    Feature record: CXX_FEATURE:0cxx_alias_templates
    Feature record: CXX_FEATURE:0cxx_alignas
    Feature record: CXX_FEATURE:0cxx_alignof
    Feature record: CXX_FEATURE:0cxx_attributes
    Feature record: CXX_FEATURE:0cxx_attribute_deprecated
    Feature record: CXX_FEATURE:0cxx_auto_type
    Feature record: CXX_FEATURE:0cxx_binary_literals
    Feature record: CXX_FEATURE:0cxx_constexpr
    Feature record: CXX_FEATURE:0cxx_contextual_conversions
    Feature record: CXX_FEATURE:0cxx_decltype
    Feature record: CXX_FEATURE:0cxx_decltype_auto
    Feature record: CXX_FEATURE:0cxx_decltype_incomplete_return_types
    Feature record: CXX_FEATURE:0cxx_default_function_template_args
    Feature record: CXX_FEATURE:0cxx_defaulted_functions
    Feature record: CXX_FEATURE:0cxx_defaulted_move_initializers
    Feature record: CXX_FEATURE:0cxx_delegating_constructors
    Feature record: CXX_FEATURE:0cxx_deleted_functions
    Feature record: CXX_FEATURE:0cxx_digit_separators
    Feature record: CXX_FEATURE:0cxx_enum_forward_declarations
    Feature record: CXX_FEATURE:0cxx_explicit_conversions
    Feature record: CXX_FEATURE:0cxx_extended_friend_declarations
    Feature record: CXX_FEATURE:0cxx_extern_templates
    Feature record: CXX_FEATURE:0cxx_final
    Feature record: CXX_FEATURE:0cxx_func_identifier
    Feature record: CXX_FEATURE:0cxx_generalized_initializers
    Feature record: CXX_FEATURE:0cxx_generic_lambdas
    Feature record: CXX_FEATURE:0cxx_inheriting_constructors
    Feature record: CXX_FEATURE:0cxx_inline_namespaces
    Feature record: CXX_FEATURE:0cxx_lambdas
    Feature record: CXX_FEATURE:0cxx_lambda_init_captures
    Feature record: CXX_FEATURE:0cxx_local_type_template_args
    Feature record: CXX_FEATURE:0cxx_long_long_type
    Feature record: CXX_FEATURE:0cxx_noexcept
    Feature record: CXX_FEATURE:0cxx_nonstatic_member_init
    Feature record: CXX_FEATURE:0cxx_nullptr
    Feature record: CXX_FEATURE:0cxx_override
    Feature record: CXX_FEATURE:0cxx_range_for
    Feature record: CXX_FEATURE:0cxx_raw_string_literals
    Feature record: CXX_FEATURE:0cxx_reference_qualified_functions
    Feature record: CXX_FEATURE:0cxx_relaxed_constexpr
    Feature record: CXX_FEATURE:0cxx_return_type_deduction
    Feature record: CXX_FEATURE:0cxx_right_angle_brackets
    Feature record: CXX_FEATURE:0cxx_rvalue_references
    Feature record: CXX_FEATURE:0cxx_sizeof_member
    Feature record: CXX_FEATURE:0cxx_static_assert
    Feature record: CXX_FEATURE:0cxx_strong_enums
    Feature record: CXX_FEATURE:1cxx_template_template_parameters
    Feature record: CXX_FEATURE:0cxx_thread_local
    Feature record: CXX_FEATURE:0cxx_trailing_return_types
    Feature record: CXX_FEATURE:0cxx_unicode_literals
    Feature record: CXX_FEATURE:0cxx_uniform_initialization
    Feature record: CXX_FEATURE:0cxx_unrestricted_unions
    Feature record: CXX_FEATURE:0cxx_user_literals
    Feature record: CXX_FEATURE:0cxx_variable_templates
    Feature record: CXX_FEATURE:0cxx_variadic_macros
    Feature record: CXX_FEATURE:0cxx_variadic_templates
