The target system is: Android - 1 - aarch64
The host system is: Linux - 5.11.12-300.fc34.x86_64 - x86_64
Determining if the C compiler works passed with the following output:
Change Dir: /home/isaacakakpo/AndroidStudioProjects/SavitAuthenticator/app/.cxx/Debug/2j39e1jo/arm64-v8a/CMakeFiles/CMakeTmp

Run Build Command:"/home/isaacakakpo/Android/Sdk/cmake/3.10.2.4988404/bin/ninja" "cmTC_7834e"
[1/2] Building C object CMakeFiles/cmTC_7834e.dir/testCCompiler.c.o
[2/2] Linking C executable cmTC_7834e


Detecting C compiler ABI info compiled with the following output:
Change Dir: /home/isaacakakpo/AndroidStudioProjects/SavitAuthenticator/app/.cxx/Debug/2j39e1jo/arm64-v8a/CMakeFiles/CMakeTmp

Run Build Command:"/home/isaacakakpo/Android/Sdk/cmake/3.10.2.4988404/bin/ninja" "cmTC_3893a"
[1/2] Building C object CMakeFiles/cmTC_3893a.dir/CMakeCCompilerABI.c.o
[2/2] Linking C executable cmTC_3893a
Android (7284624, based on r416183b) clang version 12.0.5 (https://android.googlesource.com/toolchain/llvm-project c935d99d7cf2016289302412d708641d52d2f7ee)
Target: aarch64-none-linux-android23
Thread model: posix
InstalledDir: /home/isaacakakpo/Android/Sdk/ndk/23.0.7530507/toolchains/llvm/prebuilt/linux-x86_64/bin
 "/home/isaacakakpo/Android/Sdk/ndk/23.0.7530507/toolchains/llvm/prebuilt/linux-x86_64/bin/ld" --sysroot=/home/isaacakakpo/Android/Sdk/ndk/23.0.7530507/toolchains/llvm/prebuilt/linux-x86_64/sysroot -pie -z noexecstack -EL --fix-cortex-a53-843419 --warn-shared-textrel -z now -z relro -z max-page-size=4096 --hash-style=gnu --enable-new-dtags --eh-frame-hdr -m aarch64linux -dynamic-linker /system/bin/linker64 -o cmTC_3893a /home/isaacakakpo/Android/Sdk/ndk/23.0.7530507/toolchains/llvm/prebuilt/linux-x86_64/sysroot/usr/lib/aarch64-linux-android/23/crtbegin_dynamic.o -L/home/isaacakakpo/Android/Sdk/ndk/23.0.7530507/toolchains/llvm/prebuilt/linux-x86_64/lib64/clang/12.0.5/lib/linux/aarch64 -L/home/isaacakakpo/Android/Sdk/ndk/23.0.7530507/toolchains/llvm/prebuilt/linux-x86_64/sysroot/usr/lib/aarch64-linux-android/23 -L/home/isaacakakpo/Android/Sdk/ndk/23.0.7530507/toolchains/llvm/prebuilt/linux-x86_64/sysroot/usr/lib/aarch64-linux-android -L/home/isaacakakpo/Android/Sdk/ndk/23.0.7530507/toolchains/llvm/prebuilt/linux-x86_64/sysroot/usr/lib --build-id=sha1 --no-rosegment --fatal-warnings --no-undefined --gc-sections CMakeFiles/cmTC_3893a.dir/CMakeCCompilerABI.c.o /home/isaacakakpo/Android/Sdk/ndk/23.0.7530507/toolchains/llvm/prebuilt/linux-x86_64/lib64/clang/12.0.5/lib/linux/libclang_rt.builtins-aarch64-android.a -l:libunwind.a -ldl -lc /home/isaacakakpo/Android/Sdk/ndk/23.0.7530507/toolchains/llvm/prebuilt/linux-x86_64/lib64/clang/12.0.5/lib/linux/libclang_rt.builtins-aarch64-android.a -l:libunwind.a -ldl /home/isaacakakpo/Android/Sdk/ndk/23.0.7530507/toolchains/llvm/prebuilt/linux-x86_64/sysroot/usr/lib/aarch64-linux-android/23/crtend_android.o


Parsed C implicit link information from above output:
  link line regex: [^( *|.*[/\])(CMAKE_LINKER-NOTFOUND|CMAKE_LINK_STARTFILE-NOTFOUND|([^/\]+-)?ld|collect2)[^/\]*( |$)]
  ignore line: [Change Dir: /home/isaacakakpo/AndroidStudioProjects/SavitAuthenticator/app/.cxx/Debug/2j39e1jo/arm64-v8a/CMakeFiles/CMakeTmp]
  ignore line: []
  ignore line: [Run Build Command:"/home/isaacakakpo/Android/Sdk/cmake/3.10.2.4988404/bin/ninja" "cmTC_3893a"]
  ignore line: [[1/2] Building C object CMakeFiles/cmTC_3893a.dir/CMakeCCompilerABI.c.o]
  ignore line: [[2/2] Linking C executable cmTC_3893a]
  ignore line: [Android (7284624, based on r416183b) clang version 12.0.5 (https://android.googlesource.com/toolchain/llvm-project c935d99d7cf2016289302412d708641d52d2f7ee)]
  ignore line: [Target: aarch64-none-linux-android23]
  ignore line: [Thread model: posix]
  ignore line: [InstalledDir: /home/isaacakakpo/Android/Sdk/ndk/23.0.7530507/toolchains/llvm/prebuilt/linux-x86_64/bin]
  link line: [ "/home/isaacakakpo/Android/Sdk/ndk/23.0.7530507/toolchains/llvm/prebuilt/linux-x86_64/bin/ld" --sysroot=/home/isaacakakpo/Android/Sdk/ndk/23.0.7530507/toolchains/llvm/prebuilt/linux-x86_64/sysroot -pie -z noexecstack -EL --fix-cortex-a53-843419 --warn-shared-textrel -z now -z relro -z max-page-size=4096 --hash-style=gnu --enable-new-dtags --eh-frame-hdr -m aarch64linux -dynamic-linker /system/bin/linker64 -o cmTC_3893a /home/isaacakakpo/Android/Sdk/ndk/23.0.7530507/toolchains/llvm/prebuilt/linux-x86_64/sysroot/usr/lib/aarch64-linux-android/23/crtbegin_dynamic.o -L/home/isaacakakpo/Android/Sdk/ndk/23.0.7530507/toolchains/llvm/prebuilt/linux-x86_64/lib64/clang/12.0.5/lib/linux/aarch64 -L/home/isaacakakpo/Android/Sdk/ndk/23.0.7530507/toolchains/llvm/prebuilt/linux-x86_64/sysroot/usr/lib/aarch64-linux-android/23 -L/home/isaacakakpo/Android/Sdk/ndk/23.0.7530507/toolchains/llvm/prebuilt/linux-x86_64/sysroot/usr/lib/aarch64-linux-android -L/home/isaacakakpo/Android/Sdk/ndk/23.0.7530507/toolchains/llvm/prebuilt/linux-x86_64/sysroot/usr/lib --build-id=sha1 --no-rosegment --fatal-warnings --no-undefined --gc-sections CMakeFiles/cmTC_3893a.dir/CMakeCCompilerABI.c.o /home/isaacakakpo/Android/Sdk/ndk/23.0.7530507/toolchains/llvm/prebuilt/linux-x86_64/lib64/clang/12.0.5/lib/linux/libclang_rt.builtins-aarch64-android.a -l:libunwind.a -ldl -lc /home/isaacakakpo/Android/Sdk/ndk/23.0.7530507/toolchains/llvm/prebuilt/linux-x86_64/lib64/clang/12.0.5/lib/linux/libclang_rt.builtins-aarch64-android.a -l:libunwind.a -ldl /home/isaacakakpo/Android/Sdk/ndk/23.0.7530507/toolchains/llvm/prebuilt/linux-x86_64/sysroot/usr/lib/aarch64-linux-android/23/crtend_android.o]
    arg [/home/isaacakakpo/Android/Sdk/ndk/23.0.7530507/toolchains/llvm/prebuilt/linux-x86_64/bin/ld] ==> ignore
    arg [--sysroot=/home/isaacakakpo/Android/Sdk/ndk/23.0.7530507/toolchains/llvm/prebuilt/linux-x86_64/sysroot] ==> ignore
    arg [-pie] ==> ignore
    arg [-znoexecstack] ==> ignore
    arg [-EL] ==> ignore
    arg [--fix-cortex-a53-843419] ==> ignore
    arg [--warn-shared-textrel] ==> ignore
    arg [-znow] ==> ignore
    arg [-zrelro] ==> ignore
    arg [-zmax-page-size=4096] ==> ignore
    arg [--hash-style=gnu] ==> ignore
    arg [--enable-new-dtags] ==> ignore
    arg [--eh-frame-hdr] ==> ignore
    arg [-m] ==> ignore
    arg [aarch64linux] ==> ignore
    arg [-dynamic-linker] ==> ignore
    arg [/system/bin/linker64] ==> ignore
    arg [-o] ==> ignore
    arg [cmTC_3893a] ==> ignore
    arg [/home/isaacakakpo/Android/Sdk/ndk/23.0.7530507/toolchains/llvm/prebuilt/linux-x86_64/sysroot/usr/lib/aarch64-linux-android/23/crtbegin_dynamic.o] ==> ignore
    arg [-L/home/isaacakakpo/Android/Sdk/ndk/23.0.7530507/toolchains/llvm/prebuilt/linux-x86_64/lib64/clang/12.0.5/lib/linux/aarch64] ==> dir [/home/isaacakakpo/Android/Sdk/ndk/23.0.7530507/toolchains/llvm/prebuilt/linux-x86_64/lib64/clang/12.0.5/lib/linux/aarch64]
    arg [-L/home/isaacakakpo/Android/Sdk/ndk/23.0.7530507/toolchains/llvm/prebuilt/linux-x86_64/sysroot/usr/lib/aarch64-linux-android/23] ==> dir [/home/isaacakakpo/Android/Sdk/ndk/23.0.7530507/toolchains/llvm/prebuilt/linux-x86_64/sysroot/usr/lib/aarch64-linux-android/23]
    arg [-L/home/isaacakakpo/Android/Sdk/ndk/23.0.7530507/toolchains/llvm/prebuilt/linux-x86_64/sysroot/usr/lib/aarch64-linux-android] ==> dir [/home/isaacakakpo/Android/Sdk/ndk/23.0.7530507/toolchains/llvm/prebuilt/linux-x86_64/sysroot/usr/lib/aarch64-linux-android]
    arg [-L/home/isaacakakpo/Android/Sdk/ndk/23.0.7530507/toolchains/llvm/prebuilt/linux-x86_64/sysroot/usr/lib] ==> dir [/home/isaacakakpo/Android/Sdk/ndk/23.0.7530507/toolchains/llvm/prebuilt/linux-x86_64/sysroot/usr/lib]
    arg [--build-id=sha1] ==> ignore
    arg [--no-rosegment] ==> ignore
    arg [--fatal-warnings] ==> ignore
    arg [--no-undefined] ==> ignore
    arg [--gc-sections] ==> ignore
    arg [CMakeFiles/cmTC_3893a.dir/CMakeCCompilerABI.c.o] ==> ignore
    arg [/home/isaacakakpo/Android/Sdk/ndk/23.0.7530507/toolchains/llvm/prebuilt/linux-x86_64/lib64/clang/12.0.5/lib/linux/libclang_rt.builtins-aarch64-android.a] ==> lib [/home/isaacakakpo/Android/Sdk/ndk/23.0.7530507/toolchains/llvm/prebuilt/linux-x86_64/lib64/clang/12.0.5/lib/linux/libclang_rt.builtins-aarch64-android.a]
    arg [-l:libunwind.a] ==> lib [-l:libunwind.a]
    arg [-ldl] ==> lib [dl]
    arg [-lc] ==> lib [c]
    arg [/home/isaacakakpo/Android/Sdk/ndk/23.0.7530507/toolchains/llvm/prebuilt/linux-x86_64/lib64/clang/12.0.5/lib/linux/libclang_rt.builtins-aarch64-android.a] ==> lib [/home/isaacakakpo/Android/Sdk/ndk/23.0.7530507/toolchains/llvm/prebuilt/linux-x86_64/lib64/clang/12.0.5/lib/linux/libclang_rt.builtins-aarch64-android.a]
    arg [-l:libunwind.a] ==> lib [-l:libunwind.a]
    arg [-ldl] ==> lib [dl]
    arg [/home/isaacakakpo/Android/Sdk/ndk/23.0.7530507/toolchains/llvm/prebuilt/linux-x86_64/sysroot/usr/lib/aarch64-linux-android/23/crtend_android.o] ==> ignore
  remove lib [/home/isaacakakpo/Android/Sdk/ndk/23.0.7530507/toolchains/llvm/prebuilt/linux-x86_64/lib64/clang/12.0.5/lib/linux/libclang_rt.builtins-aarch64-android.a]
  remove lib [/home/isaacakakpo/Android/Sdk/ndk/23.0.7530507/toolchains/llvm/prebuilt/linux-x86_64/lib64/clang/12.0.5/lib/linux/libclang_rt.builtins-aarch64-android.a]
  collapse library dir [/home/isaacakakpo/Android/Sdk/ndk/23.0.7530507/toolchains/llvm/prebuilt/linux-x86_64/lib64/clang/12.0.5/lib/linux/aarch64] ==> [/home/isaacakakpo/Android/Sdk/ndk/23.0.7530507/toolchains/llvm/prebuilt/linux-x86_64/lib64/clang/12.0.5/lib/linux/aarch64]
  collapse library dir [/home/isaacakakpo/Android/Sdk/ndk/23.0.7530507/toolchains/llvm/prebuilt/linux-x86_64/sysroot/usr/lib/aarch64-linux-android/23] ==> [/home/isaacakakpo/Android/Sdk/ndk/23.0.7530507/toolchains/llvm/prebuilt/linux-x86_64/sysroot/usr/lib/aarch64-linux-android/23]
  collapse library dir [/home/isaacakakpo/Android/Sdk/ndk/23.0.7530507/toolchains/llvm/prebuilt/linux-x86_64/sysroot/usr/lib/aarch64-linux-android] ==> [/home/isaacakakpo/Android/Sdk/ndk/23.0.7530507/toolchains/llvm/prebuilt/linux-x86_64/sysroot/usr/lib/aarch64-linux-android]
  collapse library dir [/home/isaacakakpo/Android/Sdk/ndk/23.0.7530507/toolchains/llvm/prebuilt/linux-x86_64/sysroot/usr/lib] ==> [/home/isaacakakpo/Android/Sdk/ndk/23.0.7530507/toolchains/llvm/prebuilt/linux-x86_64/sysroot/usr/lib]
  implicit libs: [-l:libunwind.a;dl;c;-l:libunwind.a;dl]
  implicit dirs: [/home/isaacakakpo/Android/Sdk/ndk/23.0.7530507/toolchains/llvm/prebuilt/linux-x86_64/lib64/clang/12.0.5/lib/linux/aarch64;/home/isaacakakpo/Android/Sdk/ndk/23.0.7530507/toolchains/llvm/prebuilt/linux-x86_64/sysroot/usr/lib/aarch64-linux-android/23;/home/isaacakakpo/Android/Sdk/ndk/23.0.7530507/toolchains/llvm/prebuilt/linux-x86_64/sysroot/usr/lib/aarch64-linux-android;/home/isaacakakpo/Android/Sdk/ndk/23.0.7530507/toolchains/llvm/prebuilt/linux-x86_64/sysroot/usr/lib]
  implicit fwks: []




Detecting C [-std=c11] compiler features compiled with the following output:
Change Dir: /home/isaacakakpo/AndroidStudioProjects/SavitAuthenticator/app/.cxx/Debug/2j39e1jo/arm64-v8a/CMakeFiles/CMakeTmp

Run Build Command:"/home/isaacakakpo/Android/Sdk/cmake/3.10.2.4988404/bin/ninja" "cmTC_4d7b4"
[1/2] Building C object CMakeFiles/cmTC_4d7b4.dir/feature_tests.c.o
[2/2] Linking C executable cmTC_4d7b4


    Feature record: C_FEATURE:1c_function_prototypes
    Feature record: C_FEATURE:1c_restrict
    Feature record: C_FEATURE:1c_static_assert
    Feature record: C_FEATURE:1c_variadic_macros


Detecting C [-std=c99] compiler features compiled with the following output:
Change Dir: /home/isaacakakpo/AndroidStudioProjects/SavitAuthenticator/app/.cxx/Debug/2j39e1jo/arm64-v8a/CMakeFiles/CMakeTmp

Run Build Command:"/home/isaacakakpo/Android/Sdk/cmake/3.10.2.4988404/bin/ninja" "cmTC_b6f1b"
[1/2] Building C object CMakeFiles/cmTC_b6f1b.dir/feature_tests.c.o
[2/2] Linking C executable cmTC_b6f1b


    Feature record: C_FEATURE:1c_function_prototypes
    Feature record: C_FEATURE:1c_restrict
    Feature record: C_FEATURE:0c_static_assert
    Feature record: C_FEATURE:1c_variadic_macros


Detecting C [-std=c90] compiler features compiled with the following output:
Change Dir: /home/isaacakakpo/AndroidStudioProjects/SavitAuthenticator/app/.cxx/Debug/2j39e1jo/arm64-v8a/CMakeFiles/CMakeTmp

Run Build Command:"/home/isaacakakpo/Android/Sdk/cmake/3.10.2.4988404/bin/ninja" "cmTC_4ee09"
[1/2] Building C object CMakeFiles/cmTC_4ee09.dir/feature_tests.c.o
[2/2] Linking C executable cmTC_4ee09


    Feature record: C_FEATURE:1c_function_prototypes
    Feature record: C_FEATURE:0c_restrict
    Feature record: C_FEATURE:0c_static_assert
    Feature record: C_FEATURE:0c_variadic_macros
Determining if the CXX compiler works passed with the following output:
Change Dir: /home/isaacakakpo/AndroidStudioProjects/SavitAuthenticator/app/.cxx/Debug/2j39e1jo/arm64-v8a/CMakeFiles/CMakeTmp

Run Build Command:"/home/isaacakakpo/Android/Sdk/cmake/3.10.2.4988404/bin/ninja" "cmTC_d5663"
[1/2] Building CXX object CMakeFiles/cmTC_d5663.dir/testCXXCompiler.cxx.o
[2/2] Linking CXX executable cmTC_d5663


Detecting CXX compiler ABI info compiled with the following output:
Change Dir: /home/isaacakakpo/AndroidStudioProjects/SavitAuthenticator/app/.cxx/Debug/2j39e1jo/arm64-v8a/CMakeFiles/CMakeTmp

Run Build Command:"/home/isaacakakpo/Android/Sdk/cmake/3.10.2.4988404/bin/ninja" "cmTC_044d1"
[1/2] Building CXX object CMakeFiles/cmTC_044d1.dir/CMakeCXXCompilerABI.cpp.o
[2/2] Linking CXX executable cmTC_044d1
Android (7284624, based on r416183b) clang version 12.0.5 (https://android.googlesource.com/toolchain/llvm-project c935d99d7cf2016289302412d708641d52d2f7ee)
Target: aarch64-none-linux-android23
Thread model: posix
InstalledDir: /home/isaacakakpo/Android/Sdk/ndk/23.0.7530507/toolchains/llvm/prebuilt/linux-x86_64/bin
 "/home/isaacakakpo/Android/Sdk/ndk/23.0.7530507/toolchains/llvm/prebuilt/linux-x86_64/bin/ld" --sysroot=/home/isaacakakpo/Android/Sdk/ndk/23.0.7530507/toolchains/llvm/prebuilt/linux-x86_64/sysroot -pie -z noexecstack -EL --fix-cortex-a53-843419 --warn-shared-textrel -z now -z relro -z max-page-size=4096 --hash-style=gnu --enable-new-dtags --eh-frame-hdr -m aarch64linux -dynamic-linker /system/bin/linker64 -o cmTC_044d1 /home/isaacakakpo/Android/Sdk/ndk/23.0.7530507/toolchains/llvm/prebuilt/linux-x86_64/sysroot/usr/lib/aarch64-linux-android/23/crtbegin_dynamic.o -L/home/isaacakakpo/Android/Sdk/ndk/23.0.7530507/toolchains/llvm/prebuilt/linux-x86_64/lib64/clang/12.0.5/lib/linux/aarch64 -L/home/isaacakakpo/Android/Sdk/ndk/23.0.7530507/toolchains/llvm/prebuilt/linux-x86_64/sysroot/usr/lib/aarch64-linux-android/23 -L/home/isaacakakpo/Android/Sdk/ndk/23.0.7530507/toolchains/llvm/prebuilt/linux-x86_64/sysroot/usr/lib/aarch64-linux-android -L/home/isaacakakpo/Android/Sdk/ndk/23.0.7530507/toolchains/llvm/prebuilt/linux-x86_64/sysroot/usr/lib --build-id=sha1 --no-rosegment --fatal-warnings --no-undefined --gc-sections CMakeFiles/cmTC_044d1.dir/CMakeCXXCompilerABI.cpp.o -Bstatic -lc++ -Bdynamic -lm /home/isaacakakpo/Android/Sdk/ndk/23.0.7530507/toolchains/llvm/prebuilt/linux-x86_64/lib64/clang/12.0.5/lib/linux/libclang_rt.builtins-aarch64-android.a -l:libunwind.a -ldl -lc /home/isaacakakpo/Android/Sdk/ndk/23.0.7530507/toolchains/llvm/prebuilt/linux-x86_64/lib64/clang/12.0.5/lib/linux/libclang_rt.builtins-aarch64-android.a -l:libunwind.a -ldl /home/isaacakakpo/Android/Sdk/ndk/23.0.7530507/toolchains/llvm/prebuilt/linux-x86_64/sysroot/usr/lib/aarch64-linux-android/23/crtend_android.o


Parsed CXX implicit link information from above output:
  link line regex: [^( *|.*[/\])(CMAKE_LINKER-NOTFOUND|CMAKE_LINK_STARTFILE-NOTFOUND|([^/\]+-)?ld|collect2)[^/\]*( |$)]
  ignore line: [Change Dir: /home/isaacakakpo/AndroidStudioProjects/SavitAuthenticator/app/.cxx/Debug/2j39e1jo/arm64-v8a/CMakeFiles/CMakeTmp]
  ignore line: []
  ignore line: [Run Build Command:"/home/isaacakakpo/Android/Sdk/cmake/3.10.2.4988404/bin/ninja" "cmTC_044d1"]
  ignore line: [[1/2] Building CXX object CMakeFiles/cmTC_044d1.dir/CMakeCXXCompilerABI.cpp.o]
  ignore line: [[2/2] Linking CXX executable cmTC_044d1]
  ignore line: [Android (7284624, based on r416183b) clang version 12.0.5 (https://android.googlesource.com/toolchain/llvm-project c935d99d7cf2016289302412d708641d52d2f7ee)]
  ignore line: [Target: aarch64-none-linux-android23]
  ignore line: [Thread model: posix]
  ignore line: [InstalledDir: /home/isaacakakpo/Android/Sdk/ndk/23.0.7530507/toolchains/llvm/prebuilt/linux-x86_64/bin]
  link line: [ "/home/isaacakakpo/Android/Sdk/ndk/23.0.7530507/toolchains/llvm/prebuilt/linux-x86_64/bin/ld" --sysroot=/home/isaacakakpo/Android/Sdk/ndk/23.0.7530507/toolchains/llvm/prebuilt/linux-x86_64/sysroot -pie -z noexecstack -EL --fix-cortex-a53-843419 --warn-shared-textrel -z now -z relro -z max-page-size=4096 --hash-style=gnu --enable-new-dtags --eh-frame-hdr -m aarch64linux -dynamic-linker /system/bin/linker64 -o cmTC_044d1 /home/isaacakakpo/Android/Sdk/ndk/23.0.7530507/toolchains/llvm/prebuilt/linux-x86_64/sysroot/usr/lib/aarch64-linux-android/23/crtbegin_dynamic.o -L/home/isaacakakpo/Android/Sdk/ndk/23.0.7530507/toolchains/llvm/prebuilt/linux-x86_64/lib64/clang/12.0.5/lib/linux/aarch64 -L/home/isaacakakpo/Android/Sdk/ndk/23.0.7530507/toolchains/llvm/prebuilt/linux-x86_64/sysroot/usr/lib/aarch64-linux-android/23 -L/home/isaacakakpo/Android/Sdk/ndk/23.0.7530507/toolchains/llvm/prebuilt/linux-x86_64/sysroot/usr/lib/aarch64-linux-android -L/home/isaacakakpo/Android/Sdk/ndk/23.0.7530507/toolchains/llvm/prebuilt/linux-x86_64/sysroot/usr/lib --build-id=sha1 --no-rosegment --fatal-warnings --no-undefined --gc-sections CMakeFiles/cmTC_044d1.dir/CMakeCXXCompilerABI.cpp.o -Bstatic -lc++ -Bdynamic -lm /home/isaacakakpo/Android/Sdk/ndk/23.0.7530507/toolchains/llvm/prebuilt/linux-x86_64/lib64/clang/12.0.5/lib/linux/libclang_rt.builtins-aarch64-android.a -l:libunwind.a -ldl -lc /home/isaacakakpo/Android/Sdk/ndk/23.0.7530507/toolchains/llvm/prebuilt/linux-x86_64/lib64/clang/12.0.5/lib/linux/libclang_rt.builtins-aarch64-android.a -l:libunwind.a -ldl /home/isaacakakpo/Android/Sdk/ndk/23.0.7530507/toolchains/llvm/prebuilt/linux-x86_64/sysroot/usr/lib/aarch64-linux-android/23/crtend_android.o]
    arg [/home/isaacakakpo/Android/Sdk/ndk/23.0.7530507/toolchains/llvm/prebuilt/linux-x86_64/bin/ld] ==> ignore
    arg [--sysroot=/home/isaacakakpo/Android/Sdk/ndk/23.0.7530507/toolchains/llvm/prebuilt/linux-x86_64/sysroot] ==> ignore
    arg [-pie] ==> ignore
    arg [-znoexecstack] ==> ignore
    arg [-EL] ==> ignore
    arg [--fix-cortex-a53-843419] ==> ignore
    arg [--warn-shared-textrel] ==> ignore
    arg [-znow] ==> ignore
    arg [-zrelro] ==> ignore
    arg [-zmax-page-size=4096] ==> ignore
    arg [--hash-style=gnu] ==> ignore
    arg [--enable-new-dtags] ==> ignore
    arg [--eh-frame-hdr] ==> ignore
    arg [-m] ==> ignore
    arg [aarch64linux] ==> ignore
    arg [-dynamic-linker] ==> ignore
    arg [/system/bin/linker64] ==> ignore
    arg [-o] ==> ignore
    arg [cmTC_044d1] ==> ignore
    arg [/home/isaacakakpo/Android/Sdk/ndk/23.0.7530507/toolchains/llvm/prebuilt/linux-x86_64/sysroot/usr/lib/aarch64-linux-android/23/crtbegin_dynamic.o] ==> ignore
    arg [-L/home/isaacakakpo/Android/Sdk/ndk/23.0.7530507/toolchains/llvm/prebuilt/linux-x86_64/lib64/clang/12.0.5/lib/linux/aarch64] ==> dir [/home/isaacakakpo/Android/Sdk/ndk/23.0.7530507/toolchains/llvm/prebuilt/linux-x86_64/lib64/clang/12.0.5/lib/linux/aarch64]
    arg [-L/home/isaacakakpo/Android/Sdk/ndk/23.0.7530507/toolchains/llvm/prebuilt/linux-x86_64/sysroot/usr/lib/aarch64-linux-android/23] ==> dir [/home/isaacakakpo/Android/Sdk/ndk/23.0.7530507/toolchains/llvm/prebuilt/linux-x86_64/sysroot/usr/lib/aarch64-linux-android/23]
    arg [-L/home/isaacakakpo/Android/Sdk/ndk/23.0.7530507/toolchains/llvm/prebuilt/linux-x86_64/sysroot/usr/lib/aarch64-linux-android] ==> dir [/home/isaacakakpo/Android/Sdk/ndk/23.0.7530507/toolchains/llvm/prebuilt/linux-x86_64/sysroot/usr/lib/aarch64-linux-android]
    arg [-L/home/isaacakakpo/Android/Sdk/ndk/23.0.7530507/toolchains/llvm/prebuilt/linux-x86_64/sysroot/usr/lib] ==> dir [/home/isaacakakpo/Android/Sdk/ndk/23.0.7530507/toolchains/llvm/prebuilt/linux-x86_64/sysroot/usr/lib]
    arg [--build-id=sha1] ==> ignore
    arg [--no-rosegment] ==> ignore
    arg [--fatal-warnings] ==> ignore
    arg [--no-undefined] ==> ignore
    arg [--gc-sections] ==> ignore
    arg [CMakeFiles/cmTC_044d1.dir/CMakeCXXCompilerABI.cpp.o] ==> ignore
    arg [-Bstatic] ==> ignore
    arg [-lc++] ==> lib [c++]
    arg [-Bdynamic] ==> ignore
    arg [-lm] ==> lib [m]
    arg [/home/isaacakakpo/Android/Sdk/ndk/23.0.7530507/toolchains/llvm/prebuilt/linux-x86_64/lib64/clang/12.0.5/lib/linux/libclang_rt.builtins-aarch64-android.a] ==> lib [/home/isaacakakpo/Android/Sdk/ndk/23.0.7530507/toolchains/llvm/prebuilt/linux-x86_64/lib64/clang/12.0.5/lib/linux/libclang_rt.builtins-aarch64-android.a]
    arg [-l:libunwind.a] ==> lib [-l:libunwind.a]
    arg [-ldl] ==> lib [dl]
    arg [-lc] ==> lib [c]
    arg [/home/isaacakakpo/Android/Sdk/ndk/23.0.7530507/toolchains/llvm/prebuilt/linux-x86_64/lib64/clang/12.0.5/lib/linux/libclang_rt.builtins-aarch64-android.a] ==> lib [/home/isaacakakpo/Android/Sdk/ndk/23.0.7530507/toolchains/llvm/prebuilt/linux-x86_64/lib64/clang/12.0.5/lib/linux/libclang_rt.builtins-aarch64-android.a]
    arg [-l:libunwind.a] ==> lib [-l:libunwind.a]
    arg [-ldl] ==> lib [dl]
    arg [/home/isaacakakpo/Android/Sdk/ndk/23.0.7530507/toolchains/llvm/prebuilt/linux-x86_64/sysroot/usr/lib/aarch64-linux-android/23/crtend_android.o] ==> ignore
  remove lib [/home/isaacakakpo/Android/Sdk/ndk/23.0.7530507/toolchains/llvm/prebuilt/linux-x86_64/lib64/clang/12.0.5/lib/linux/libclang_rt.builtins-aarch64-android.a]
  remove lib [/home/isaacakakpo/Android/Sdk/ndk/23.0.7530507/toolchains/llvm/prebuilt/linux-x86_64/lib64/clang/12.0.5/lib/linux/libclang_rt.builtins-aarch64-android.a]
  collapse library dir [/home/isaacakakpo/Android/Sdk/ndk/23.0.7530507/toolchains/llvm/prebuilt/linux-x86_64/lib64/clang/12.0.5/lib/linux/aarch64] ==> [/home/isaacakakpo/Android/Sdk/ndk/23.0.7530507/toolchains/llvm/prebuilt/linux-x86_64/lib64/clang/12.0.5/lib/linux/aarch64]
  collapse library dir [/home/isaacakakpo/Android/Sdk/ndk/23.0.7530507/toolchains/llvm/prebuilt/linux-x86_64/sysroot/usr/lib/aarch64-linux-android/23] ==> [/home/isaacakakpo/Android/Sdk/ndk/23.0.7530507/toolchains/llvm/prebuilt/linux-x86_64/sysroot/usr/lib/aarch64-linux-android/23]
  collapse library dir [/home/isaacakakpo/Android/Sdk/ndk/23.0.7530507/toolchains/llvm/prebuilt/linux-x86_64/sysroot/usr/lib/aarch64-linux-android] ==> [/home/isaacakakpo/Android/Sdk/ndk/23.0.7530507/toolchains/llvm/prebuilt/linux-x86_64/sysroot/usr/lib/aarch64-linux-android]
  collapse library dir [/home/isaacakakpo/Android/Sdk/ndk/23.0.7530507/toolchains/llvm/prebuilt/linux-x86_64/sysroot/usr/lib] ==> [/home/isaacakakpo/Android/Sdk/ndk/23.0.7530507/toolchains/llvm/prebuilt/linux-x86_64/sysroot/usr/lib]
  implicit libs: [c++;m;-l:libunwind.a;dl;c;-l:libunwind.a;dl]
  implicit dirs: [/home/isaacakakpo/Android/Sdk/ndk/23.0.7530507/toolchains/llvm/prebuilt/linux-x86_64/lib64/clang/12.0.5/lib/linux/aarch64;/home/isaacakakpo/Android/Sdk/ndk/23.0.7530507/toolchains/llvm/prebuilt/linux-x86_64/sysroot/usr/lib/aarch64-linux-android/23;/home/isaacakakpo/Android/Sdk/ndk/23.0.7530507/toolchains/llvm/prebuilt/linux-x86_64/sysroot/usr/lib/aarch64-linux-android;/home/isaacakakpo/Android/Sdk/ndk/23.0.7530507/toolchains/llvm/prebuilt/linux-x86_64/sysroot/usr/lib]
  implicit fwks: []




Detecting CXX [-std=c++1z] compiler features compiled with the following output:
Change Dir: /home/isaacakakpo/AndroidStudioProjects/SavitAuthenticator/app/.cxx/Debug/2j39e1jo/arm64-v8a/CMakeFiles/CMakeTmp

Run Build Command:"/home/isaacakakpo/Android/Sdk/cmake/3.10.2.4988404/bin/ninja" "cmTC_5ac80"
[1/2] Building CXX object CMakeFiles/cmTC_5ac80.dir/feature_tests.cxx.o
[2/2] Linking CXX executable cmTC_5ac80


    Feature record: CXX_FEATURE:1cxx_aggregate_default_initializers
    Feature record: CXX_FEATURE:1cxx_alias_templates
    Feature record: CXX_FEATURE:1cxx_alignas
    Feature record: CXX_FEATURE:1cxx_alignof
    Feature record: CXX_FEATURE:1cxx_attributes
    Feature record: CXX_FEATURE:1cxx_attribute_deprecated
    Feature record: CXX_FEATURE:1cxx_auto_type
    Feature record: CXX_FEATURE:1cxx_binary_literals
    Feature record: CXX_FEATURE:1cxx_constexpr
    Feature record: CXX_FEATURE:1cxx_contextual_conversions
    Feature record: CXX_FEATURE:1cxx_decltype
    Feature record: CXX_FEATURE:1cxx_decltype_auto
    Feature record: CXX_FEATURE:1cxx_decltype_incomplete_return_types
    Feature record: CXX_FEATURE:1cxx_default_function_template_args
    Feature record: CXX_FEATURE:1cxx_defaulted_functions
    Feature record: CXX_FEATURE:1cxx_defaulted_move_initializers
    Feature record: CXX_FEATURE:1cxx_delegating_constructors
    Feature record: CXX_FEATURE:1cxx_deleted_functions
    Feature record: CXX_FEATURE:1cxx_digit_separators
    Feature record: CXX_FEATURE:1cxx_enum_forward_declarations
    Feature record: CXX_FEATURE:1cxx_explicit_conversions
    Feature record: CXX_FEATURE:1cxx_extended_friend_declarations
    Feature record: CXX_FEATURE:1cxx_extern_templates
    Feature record: CXX_FEATURE:1cxx_final
    Feature record: CXX_FEATURE:1cxx_func_identifier
    Feature record: CXX_FEATURE:1cxx_generalized_initializers
    Feature record: CXX_FEATURE:1cxx_generic_lambdas
    Feature record: CXX_FEATURE:1cxx_inheriting_constructors
    Feature record: CXX_FEATURE:1cxx_inline_namespaces
    Feature record: CXX_FEATURE:1cxx_lambdas
    Feature record: CXX_FEATURE:1cxx_lambda_init_captures
    Feature record: CXX_FEATURE:1cxx_local_type_template_args
    Feature record: CXX_FEATURE:1cxx_long_long_type
    Feature record: CXX_FEATURE:1cxx_noexcept
    Feature record: CXX_FEATURE:1cxx_nonstatic_member_init
    Feature record: CXX_FEATURE:1cxx_nullptr
    Feature record: CXX_FEATURE:1cxx_override
    Feature record: CXX_FEATURE:1cxx_range_for
    Feature record: CXX_FEATURE:1cxx_raw_string_literals
    Feature record: CXX_FEATURE:1cxx_reference_qualified_functions
    Feature record: CXX_FEATURE:1cxx_relaxed_constexpr
    Feature record: CXX_FEATURE:1cxx_return_type_deduction
    Feature record: CXX_FEATURE:1cxx_right_angle_brackets
    Feature record: CXX_FEATURE:1cxx_rvalue_references
    Feature record: CXX_FEATURE:1cxx_sizeof_member
    Feature record: CXX_FEATURE:1cxx_static_assert
    Feature record: CXX_FEATURE:1cxx_strong_enums
    Feature record: CXX_FEATURE:1cxx_template_template_parameters
    Feature record: CXX_FEATURE:1cxx_thread_local
    Feature record: CXX_FEATURE:1cxx_trailing_return_types
    Feature record: CXX_FEATURE:1cxx_unicode_literals
    Feature record: CXX_FEATURE:1cxx_uniform_initialization
    Feature record: CXX_FEATURE:1cxx_unrestricted_unions
    Feature record: CXX_FEATURE:1cxx_user_literals
    Feature record: CXX_FEATURE:1cxx_variable_templates
    Feature record: CXX_FEATURE:1cxx_variadic_macros
    Feature record: CXX_FEATURE:1cxx_variadic_templates


Detecting CXX [-std=c++14] compiler features compiled with the following output:
Change Dir: /home/isaacakakpo/AndroidStudioProjects/SavitAuthenticator/app/.cxx/Debug/2j39e1jo/arm64-v8a/CMakeFiles/CMakeTmp

Run Build Command:"/home/isaacakakpo/Android/Sdk/cmake/3.10.2.4988404/bin/ninja" "cmTC_31a1b"
[1/2] Building CXX object CMakeFiles/cmTC_31a1b.dir/feature_tests.cxx.o
[2/2] Linking CXX executable cmTC_31a1b


    Feature record: CXX_FEATURE:1cxx_aggregate_default_initializers
    Feature record: CXX_FEATURE:1cxx_alias_templates
    Feature record: CXX_FEATURE:1cxx_alignas
    Feature record: CXX_FEATURE:1cxx_alignof
    Feature record: CXX_FEATURE:1cxx_attributes
    Feature record: CXX_FEATURE:1cxx_attribute_deprecated
    Feature record: CXX_FEATURE:1cxx_auto_type
    Feature record: CXX_FEATURE:1cxx_binary_literals
    Feature record: CXX_FEATURE:1cxx_constexpr
    Feature record: CXX_FEATURE:1cxx_contextual_conversions
    Feature record: CXX_FEATURE:1cxx_decltype
    Feature record: CXX_FEATURE:1cxx_decltype_auto
    Feature record: CXX_FEATURE:1cxx_decltype_incomplete_return_types
    Feature record: CXX_FEATURE:1cxx_default_function_template_args
    Feature record: CXX_FEATURE:1cxx_defaulted_functions
    Feature record: CXX_FEATURE:1cxx_defaulted_move_initializers
    Feature record: CXX_FEATURE:1cxx_delegating_constructors
    Feature record: CXX_FEATURE:1cxx_deleted_functions
    Feature record: CXX_FEATURE:1cxx_digit_separators
    Feature record: CXX_FEATURE:1cxx_enum_forward_declarations
    Feature record: CXX_FEATURE:1cxx_explicit_conversions
    Feature record: CXX_FEATURE:1cxx_extended_friend_declarations
    Feature record: CXX_FEATURE:1cxx_extern_templates
    Feature record: CXX_FEATURE:1cxx_final
    Feature record: CXX_FEATURE:1cxx_func_identifier
    Feature record: CXX_FEATURE:1cxx_generalized_initializers
    Feature record: CXX_FEATURE:1cxx_generic_lambdas
    Feature record: CXX_FEATURE:1cxx_inheriting_constructors
    Feature record: CXX_FEATURE:1cxx_inline_namespaces
    Feature record: CXX_FEATURE:1cxx_lambdas
    Feature record: CXX_FEATURE:1cxx_lambda_init_captures
    Feature record: CXX_FEATURE:1cxx_local_type_template_args
    Feature record: CXX_FEATURE:1cxx_long_long_type
    Feature record: CXX_FEATURE:1cxx_noexcept
    Feature record: CXX_FEATURE:1cxx_nonstatic_member_init
    Feature record: CXX_FEATURE:1cxx_nullptr
    Feature record: CXX_FEATURE:1cxx_override
    Feature record: CXX_FEATURE:1cxx_range_for
    Feature record: CXX_FEATURE:1cxx_raw_string_literals
    Feature record: CXX_FEATURE:1cxx_reference_qualified_functions
    Feature record: CXX_FEATURE:1cxx_relaxed_constexpr
    Feature record: CXX_FEATURE:1cxx_return_type_deduction
    Feature record: CXX_FEATURE:1cxx_right_angle_brackets
    Feature record: CXX_FEATURE:1cxx_rvalue_references
    Feature record: CXX_FEATURE:1cxx_sizeof_member
    Feature record: CXX_FEATURE:1cxx_static_assert
    Feature record: CXX_FEATURE:1cxx_strong_enums
    Feature record: CXX_FEATURE:1cxx_template_template_parameters
    Feature record: CXX_FEATURE:1cxx_thread_local
    Feature record: CXX_FEATURE:1cxx_trailing_return_types
    Feature record: CXX_FEATURE:1cxx_unicode_literals
    Feature record: CXX_FEATURE:1cxx_uniform_initialization
    Feature record: CXX_FEATURE:1cxx_unrestricted_unions
    Feature record: CXX_FEATURE:1cxx_user_literals
    Feature record: CXX_FEATURE:1cxx_variable_templates
    Feature record: CXX_FEATURE:1cxx_variadic_macros
    Feature record: CXX_FEATURE:1cxx_variadic_templates


Detecting CXX [-std=c++11] compiler features compiled with the following output:
Change Dir: /home/isaacakakpo/AndroidStudioProjects/SavitAuthenticator/app/.cxx/Debug/2j39e1jo/arm64-v8a/CMakeFiles/CMakeTmp

Run Build Command:"/home/isaacakakpo/Android/Sdk/cmake/3.10.2.4988404/bin/ninja" "cmTC_56b87"
[1/2] Building CXX object CMakeFiles/cmTC_56b87.dir/feature_tests.cxx.o
[2/2] Linking CXX executable cmTC_56b87


    Feature record: CXX_FEATURE:0cxx_aggregate_default_initializers
    Feature record: CXX_FEATURE:1cxx_alias_templates
    Feature record: CXX_FEATURE:1cxx_alignas
    Feature record: CXX_FEATURE:1cxx_alignof
    Feature record: CXX_FEATURE:1cxx_attributes
    Feature record: CXX_FEATURE:0cxx_attribute_deprecated
    Feature record: CXX_FEATURE:1cxx_auto_type
    Feature record: CXX_FEATURE:0cxx_binary_literals
    Feature record: CXX_FEATURE:1cxx_constexpr
    Feature record: CXX_FEATURE:0cxx_contextual_conversions
    Feature record: CXX_FEATURE:1cxx_decltype
    Feature record: CXX_FEATURE:0cxx_decltype_auto
    Feature record: CXX_FEATURE:1cxx_decltype_incomplete_return_types
    Feature record: CXX_FEATURE:1cxx_default_function_template_args
    Feature record: CXX_FEATURE:1cxx_defaulted_functions
    Feature record: CXX_FEATURE:1cxx_defaulted_move_initializers
    Feature record: CXX_FEATURE:1cxx_delegating_constructors
    Feature record: CXX_FEATURE:1cxx_deleted_functions
    Feature record: CXX_FEATURE:0cxx_digit_separators
    Feature record: CXX_FEATURE:1cxx_enum_forward_declarations
    Feature record: CXX_FEATURE:1cxx_explicit_conversions
    Feature record: CXX_FEATURE:1cxx_extended_friend_declarations
    Feature record: CXX_FEATURE:1cxx_extern_templates
    Feature record: CXX_FEATURE:1cxx_final
    Feature record: CXX_FEATURE:1cxx_func_identifier
    Feature record: CXX_FEATURE:1cxx_generalized_initializers
    Feature record: CXX_FEATURE:0cxx_generic_lambdas
    Feature record: CXX_FEATURE:1cxx_inheriting_constructors
    Feature record: CXX_FEATURE:1cxx_inline_namespaces
    Feature record: CXX_FEATURE:1cxx_lambdas
    Feature record: CXX_FEATURE:0cxx_lambda_init_captures
    Feature record: CXX_FEATURE:1cxx_local_type_template_args
    Feature record: CXX_FEATURE:1cxx_long_long_type
    Feature record: CXX_FEATURE:1cxx_noexcept
    Feature record: CXX_FEATURE:1cxx_nonstatic_member_init
    Feature record: CXX_FEATURE:1cxx_nullptr
    Feature record: CXX_FEATURE:1cxx_override
    Feature record: CXX_FEATURE:1cxx_range_for
    Feature record: CXX_FEATURE:1cxx_raw_string_literals
    Feature record: CXX_FEATURE:1cxx_reference_qualified_functions
    Feature record: CXX_FEATURE:0cxx_relaxed_constexpr
    Feature record: CXX_FEATURE:0cxx_return_type_deduction
    Feature record: CXX_FEATURE:1cxx_right_angle_brackets
    Feature record: CXX_FEATURE:1cxx_rvalue_references
    Feature record: CXX_FEATURE:1cxx_sizeof_member
    Feature record: CXX_FEATURE:1cxx_static_assert
    Feature record: CXX_FEATURE:1cxx_strong_enums
    Feature record: CXX_FEATURE:1cxx_template_template_parameters
    Feature record: CXX_FEATURE:1cxx_thread_local
    Feature record: CXX_FEATURE:1cxx_trailing_return_types
    Feature record: CXX_FEATURE:1cxx_unicode_literals
    Feature record: CXX_FEATURE:1cxx_uniform_initialization
    Feature record: CXX_FEATURE:1cxx_unrestricted_unions
    Feature record: CXX_FEATURE:1cxx_user_literals
    Feature record: CXX_FEATURE:0cxx_variable_templates
    Feature record: CXX_FEATURE:1cxx_variadic_macros
    Feature record: CXX_FEATURE:1cxx_variadic_templates


Detecting CXX [-std=c++98] compiler features compiled with the following output:
Change Dir: /home/isaacakakpo/AndroidStudioProjects/SavitAuthenticator/app/.cxx/Debug/2j39e1jo/arm64-v8a/CMakeFiles/CMakeTmp

Run Build Command:"/home/isaacakakpo/Android/Sdk/cmake/3.10.2.4988404/bin/ninja" "cmTC_4e433"
[1/2] Building CXX object CMakeFiles/cmTC_4e433.dir/feature_tests.cxx.o
[2/2] Linking CXX executable cmTC_4e433


    Feature record: CXX_FEATURE:0cxx_aggregate_default_initializers
    Feature record: CXX_FEATURE:0cxx_alias_templates
    Feature record: CXX_FEATURE:0cxx_alignas
    Feature record: CXX_FEATURE:0cxx_alignof
    Feature record: CXX_FEATURE:0cxx_attributes
    Feature record: CXX_FEATURE:0cxx_attribute_deprecated
    Feature record: CXX_FEATURE:0cxx_auto_type
    Feature record: CXX_FEATURE:0cxx_binary_literals
    Feature record: CXX_FEATURE:0cxx_constexpr
    Feature record: CXX_FEATURE:0cxx_contextual_conversions
    Feature record: CXX_FEATURE:0cxx_decltype
    Feature record: CXX_FEATURE:0cxx_decltype_auto
    Feature record: CXX_FEATURE:0cxx_decltype_incomplete_return_types
    Feature record: CXX_FEATURE:0cxx_default_function_template_args
    Feature record: CXX_FEATURE:0cxx_defaulted_functions
    Feature record: CXX_FEATURE:0cxx_defaulted_move_initializers
    Feature record: CXX_FEATURE:0cxx_delegating_constructors
    Feature record: CXX_FEATURE:0cxx_deleted_functions
    Feature record: CXX_FEATURE:0cxx_digit_separators
    Feature record: CXX_FEATURE:0cxx_enum_forward_declarations
    Feature record: CXX_FEATURE:0cxx_explicit_conversions
    Feature record: CXX_FEATURE:0cxx_extended_friend_declarations
    Feature record: CXX_FEATURE:0cxx_extern_templates
    Feature record: CXX_FEATURE:0cxx_final
    Feature record: CXX_FEATURE:0cxx_func_identifier
    Feature record: CXX_FEATURE:0cxx_generalized_initializers
    Feature record: CXX_FEATURE:0cxx_generic_lambdas
    Feature record: CXX_FEATURE:0cxx_inheriting_constructors
    Feature record: CXX_FEATURE:0cxx_inline_namespaces
    Feature record: CXX_FEATURE:0cxx_lambdas
    Feature record: CXX_FEATURE:0cxx_lambda_init_captures
    Feature record: CXX_FEATURE:0cxx_local_type_template_args
    Feature record: CXX_FEATURE:0cxx_long_long_type
    Feature record: CXX_FEATURE:0cxx_noexcept
    Feature record: CXX_FEATURE:0cxx_nonstatic_member_init
    Feature record: CXX_FEATURE:0cxx_nullptr
    Feature record: CXX_FEATURE:0cxx_override
    Feature record: CXX_FEATURE:0cxx_range_for
    Feature record: CXX_FEATURE:0cxx_raw_string_literals
    Feature record: CXX_FEATURE:0cxx_reference_qualified_functions
    Feature record: CXX_FEATURE:0cxx_relaxed_constexpr
    Feature record: CXX_FEATURE:0cxx_return_type_deduction
    Feature record: CXX_FEATURE:0cxx_right_angle_brackets
    Feature record: CXX_FEATURE:0cxx_rvalue_references
    Feature record: CXX_FEATURE:0cxx_sizeof_member
    Feature record: CXX_FEATURE:0cxx_static_assert
    Feature record: CXX_FEATURE:0cxx_strong_enums
    Feature record: CXX_FEATURE:1cxx_template_template_parameters
    Feature record: CXX_FEATURE:0cxx_thread_local
    Feature record: CXX_FEATURE:0cxx_trailing_return_types
    Feature record: CXX_FEATURE:0cxx_unicode_literals
    Feature record: CXX_FEATURE:0cxx_uniform_initialization
    Feature record: CXX_FEATURE:0cxx_unrestricted_unions
    Feature record: CXX_FEATURE:0cxx_user_literals
    Feature record: CXX_FEATURE:0cxx_variable_templates
    Feature record: CXX_FEATURE:0cxx_variadic_macros
    Feature record: CXX_FEATURE:0cxx_variadic_templates
